2025-07-23 10:38:30.645	INFO	client/client_linux.go:35	client chat.ChatroomService is empowered with tnet! 🤩 
2025-07-23 10:38:30.646	INFO	client/client_linux.go:35	client  is empowered with tnet! 🤩 
2025-07-23 10:38:30.646	INFO	server/service_linux.go:21	service chat.ChatroomService with network tcp and protocol trpc is empowered with tnet! 🤩 you can set 'transport: go-net' in your trpc_go.yaml's service configuration to switch to the golang net framework
2025-07-23 10:38:30.646	INFO	tnet/server_transport.go:66	service:chat.ChatroomService is using tnet transport, current number of pollers: 1
2025-07-23 10:38:30.646	INFO	server/service.go:168	process:349337, trpc service:chat.ChatroomService launch success, tcp:127.0.0.1:8000, serving ...
2025-07-23 10:40:34.142	INFO	client/client_linux.go:35	client chat.ChatroomService is empowered with tnet! 🤩 
2025-07-23 10:40:34.142	INFO	client/client_linux.go:35	client  is empowered with tnet! 🤩 
2025-07-23 10:40:34.143	INFO	server/service_linux.go:21	service chat.ChatroomService with network tcp and protocol trpc is empowered with tnet! 🤩 you can set 'transport: go-net' in your trpc_go.yaml's service configuration to switch to the golang net framework
2025-07-23 10:40:34.143	INFO	tnet/server_transport.go:66	service:chat.ChatroomService is using tnet transport, current number of pollers: 1
2025-07-23 10:40:34.143	INFO	server/service.go:168	process:350955, trpc service:chat.ChatroomService launch success, tcp:127.0.0.1:8000, serving ...
2025-07-23 10:41:41.710	INFO	server/service.go:527	process:350955, trpc service:chat.ChatroomService, closing ...
2025-07-23 10:41:41.710	INFO	server/service.go:554	process:350955, trpc service:chat.ChatroomService, closed
2025-07-23 10:41:41.710	INFO	admin/admin.go:192	process:350955, admin server, closed
2025-07-23 21:30:00.466	INFO	client/client_linux.go:35	client chat.ChatroomService is empowered with tnet! 🤩 
2025-07-23 21:30:00.466	INFO	client/client_linux.go:35	client  is empowered with tnet! 🤩 
2025-07-23 21:30:00.466	INFO	server/service_linux.go:21	service chat.ChatroomService with network tcp and protocol trpc is empowered with tnet! 🤩 you can set 'transport: go-net' in your trpc_go.yaml's service configuration to switch to the golang net framework
2025-07-23 21:30:00.466	INFO	tnet/server_transport.go:66	service:chat.ChatroomService is using tnet transport, current number of pollers: 1
2025-07-23 21:30:00.466	INFO	server/service.go:168	process:261444, trpc service:chat.ChatroomService launch success, tcp:127.0.0.1:8000, serving ...
2025-07-23 21:31:32.620	INFO	server/service.go:527	process:261444, trpc service:chat.ChatroomService, closing ...
2025-07-23 21:31:32.620	INFO	server/service.go:554	process:261444, trpc service:chat.ChatroomService, closed
2025-07-23 21:31:32.620	INFO	admin/admin.go:192	process:261444, admin server, closed
2025-07-24 11:08:51.718	INFO	client/client_linux.go:35	client chat.ChatroomService is empowered with tnet! 🤩 
2025-07-24 11:08:51.718	INFO	client/client_linux.go:35	client  is empowered with tnet! 🤩 
2025-07-24 11:08:51.718	INFO	server/service_linux.go:21	service chat.ChatroomService with network tcp and protocol trpc is empowered with tnet! 🤩 you can set 'transport: go-net' in your trpc_go.yaml's service configuration to switch to the golang net framework
2025-07-24 11:08:51.718	INFO	tnet/server_transport.go:66	service:chat.ChatroomService is using tnet transport, current number of pollers: 1
2025-07-24 11:08:51.718	INFO	server/service.go:168	process:622089, trpc service:chat.ChatroomService launch success, tcp:127.0.0.1:8000, serving ...
2025-07-24 11:10:25.463	INFO	admin/admin.go:192	process:622089, admin server, closed
2025-07-24 11:10:25.463	INFO	server/service.go:527	process:622089, trpc service:chat.ChatroomService, closing ...
2025-07-24 11:10:25.463	INFO	server/service.go:554	process:622089, trpc service:chat.ChatroomService, closed
